<?xml version='1.0' encoding='UTF-8'?>
<testsuite hostname="Liam" name="TrivialTestSuite" tests="1" errors="0" failures="0" time="0.002">
                     <properties>
[...]
</properties>
                     <testcase classname="TrivialTestSuite" name="The solution object must be defined" time="0.002">
                                                 
                                               </testcase>
                     <system-out></system-out>
                     <system-err></system-err>
                   </testsuite>